make[1]: 进入目录“/home/snow/dipper/out”
  GEN     ./Makefile
scripts/kconfig/conf  --silentoldconfig Kconfig
  CHK     include/config/kernel.release
  GEN     ./Makefile
  CHK     include/generated/uapi/linux/version.h
  CHK     include/generated/utsrelease.h
  Using .. as source for kernel
  CC      scripts/mod/empty.o
  CC      kernel/bounds.s
  CHK     include/generated/timeconst.h
  CC      scripts/mod/devicetable-offsets.s
  CHK     include/generated/bounds.h
  MKELF   scripts/mod/elfconfig.h
  CHK     scripts/mod/devicetable-offsets.h
  CC      arch/arm64/kernel/asm-offsets.s
  HOSTCC  scripts/mod/modpost.o
  HOSTCC  scripts/mod/file2alias.o
  HOSTCC  scripts/mod/sumversion.o
  CHK     include/generated/asm-offsets.h
  CALL    ../scripts/checksyscalls.sh
  HOSTLD  scripts/mod/modpost
  LDS     arch/arm64/kernel/vdso/vdso.lds
  VDSOC   arch/arm64/kernel/vdso/vgettimeofday.o
  VDSOA   arch/arm64/kernel/vdso/note.o
  VDSOA   arch/arm64/kernel/vdso/sigreturn.o
  VDSOL   arch/arm64/kernel/vdso/vdso.so.dbg
  VDSOSYM include/generated/vdso-offsets.h
  LDS     arch/arm64/kernel/vdso32/vdso.lds
  VDSOC32   arch/arm64/kernel/vdso32/vgettimeofday.o
  VDSOA32   arch/arm64/kernel/vdso32/sigreturn.o
  VDSOL32   arch/arm64/kernel/vdso32/vdso.so.raw
  MUNGE   arch/arm64/kernel/vdso32/vdso.so.dbg
  VDSOSYM include/generated/vdso32-offsets.h
  CC      init/main.o
  CHK     include/generated/compile.h
  CC      init/do_mounts.o
  CC      init/do_mounts_rd.o
  AS      usr/initramfs_data.o
  CC      init/do_mounts_initrd.o
  UPD     include/generated/compile.h
  CC      init/do_mounts_dm.o
  LD      usr/built-in.o
  CC      arch/arm64/mm/dma-mapping.o
  CC      arch/arm64/kernel/debug-monitors.o
  CC      arch/arm64/crypto/sha1-ce-glue.o
  CC      init/noinitramfs.o
  CC      init/initramfs.o
  AS      arch/arm64/kernel/entry.o
  CC      init/calibrate.o
  CC      arch/arm64/kernel/irq.o
  AS      arch/arm64/crypto/sha1-ce-core.o
  CC      arch/arm64/crypto/sha2-ce-glue.o
  CC      init/init_task.o
  AS      arch/arm64/crypto/sha2-ce-core.o
  CC      arch/arm64/crypto/ghash-ce-glue.o
  CC      init/version.o
  CC      arch/arm64/kernel/fpsimd.o
  AS      arch/arm64/kernel/entry-fpsimd.o
  CC      arch/arm64/kernel/process.o
  AS      arch/arm64/crypto/ghash-ce-core.o
  CC      arch/arm64/crypto/aes-ce-cipher-glue.o
  LD      init/mounts.o
  CC      arch/arm64/crypto/aes-ce-cipher-core.o
  CC      arch/arm64/crypto/aes-ce-ccm-glue.o
  AS      arch/arm64/crypto/aes-ce-ccm-core.o
  CC      arch/arm64/crypto/aes-glue-ce.o
  LD      init/built-in.o
  CC      arch/arm64/mm/extable.o
  CC      arch/arm64/kernel/ptrace.o
  CC      arch/arm64/kernel/setup.o
  AS      arch/arm64/crypto/aes-ce.o
  CC      kernel/fork.o
  CC      arch/arm64/crypto/aes-glue-neon.o
  CC      arch/arm64/mm/fault.o
  AS      arch/arm64/crypto/aes-neon.o
  LD      arch/arm64/crypto/sha1-ce.o
  CC      arch/arm64/crypto/crc32-arm64.o
  LD      arch/arm64/crypto/sha2-ce.o
  LD      arch/arm64/crypto/ghash-ce.o
  LD      arch/arm64/crypto/aes-ce-cipher.o
  LD      arch/arm64/crypto/aes-ce-ccm.o
  LD      arch/arm64/crypto/aes-ce-blk.o
  CC      arch/arm64/mm/init.o
  CC      arch/arm64/kernel/signal.o
  LD      arch/arm64/crypto/aes-neon-blk.o
  CC      arch/arm64/kernel/sys.o
  AS      arch/arm64/mm/cache.o
  CC      arch/arm64/mm/copypage.o
  CC      arch/arm64/kernel/stacktrace.o
  LD      arch/arm64/crypto/built-in.o
  CC      arch/arm64/kernel/time.o
  CC      mm/filemap.o
  CC      arch/arm64/kernel/traps.o
  CC      arch/arm64/mm/flush.o
  CC      arch/arm64/mm/ioremap.o
  CC      arch/arm64/kernel/io.o
  CC      arch/arm64/kernel/vdso.o
  AS      arch/arm64/kernel/hyp-stub.o
  CC      arch/arm64/kernel/psci.o
  CC      arch/arm64/kernel/cpu_ops.o
  CC      arch/arm64/mm/mmap.o
  CC      arch/arm64/mm/pgd.o
  CC      arch/arm64/kernel/insn.o
  CC      arch/arm64/kernel/return_address.o
  CC      arch/arm64/mm/mmu.o
  CC      arch/arm64/kernel/cpuinfo.o
  CC      arch/arm64/mm/context.o
  CC      kernel/exec_domain.o
  AS      arch/arm64/mm/proc.o
  CC      arch/arm64/mm/pageattr.o
  CC      arch/arm64/kernel/cpu_errata.o
  CC      arch/arm64/kernel/cpufeature.o
  CC      kernel/panic.o
  CC      kernel/cpu.o
  CC      arch/arm64/kernel/alternative.o
  CC      arch/arm64/kernel/cacheinfo.o
  CC      mm/mempool.o
  CC      arch/arm64/kernel/smp.o
  LD      arch/arm64/mm/built-in.o
  CC      arch/arm64/kernel/smp_spin_table.o
  CC      arch/arm64/kernel/topology.o
  CC      fs/open.o
  AS      arch/arm64/kernel/smccc-call.o
  CC      arch/arm64/kernel/sys32.o
  CC      kernel/exit.o
  CC      arch/arm64/kernel/signal32.o
  CC      mm/oom_kill.o
  CC      arch/arm64/kernel/sys_compat.o
  AS      arch/arm64/kernel/entry32.o
  AS      arch/arm64/kernel/kuser32.o
  CC      arch/arm64/kernel/arm64ksyms.o
  CC      arch/arm64/kernel/module.o
  CC      mm/maccess.o
  CC      kernel/softirq.o
  CC      fs/read_write.o
  CC      arch/arm64/kernel/module-plts.o
  CC      arch/arm64/kernel/perf_regs.o
  CC      arch/arm64/kernel/perf_callchain.o
  CC      mm/page_alloc.o
  CC      arch/arm64/kernel/perf_event.o
  CC      mm/page-writeback.o
  CC      arch/arm64/kernel/perf_trace_counters.o
